# Logfile created on 2014-04-16 11:54:18 +0000 by logger.rb/41954
I, [2014-04-16T11:54:18.754588 #25895]  INFO -- : 0:  rake (10.3.0) from /home/philip/.rvm/gems/ruby-2.0.0-p353/specifications/rake-10.3.0.gemspec
I, [2014-04-16T11:54:18.756708 #25895]  INFO -- : 0:  i18n (0.6.9) from /home/philip/.rvm/gems/ruby-2.0.0-p353/specifications/i18n-0.6.9.gemspec
I, [2014-04-16T11:54:18.758435 #25895]  INFO -- : 0:  minitest (4.7.5) from /home/philip/.rvm/gems/ruby-2.0.0-p353/specifications/minitest-4.7.5.gemspec
I, [2014-04-16T11:54:18.760193 #25895]  INFO -- : 0:  multi_json (1.9.2) from /home/philip/.rvm/gems/ruby-2.0.0-p353/specifications/multi_json-1.9.2.gemspec
I, [2014-04-16T11:54:18.761923 #25895]  INFO -- : 0:  thread_safe (0.3.3) from /home/philip/.rvm/gems/ruby-2.0.0-p353/specifications/thread_safe-0.3.3.gemspec
I, [2014-04-16T11:54:18.763702 #25895]  INFO -- : 0:  tzinfo (0.3.39) from /home/philip/.rvm/gems/ruby-2.0.0-p353/specifications/tzinfo-0.3.39.gemspec
I, [2014-04-16T11:54:18.765357 #25895]  INFO -- : 0:  activesupport (4.0.2) from /home/philip/.rvm/gems/ruby-2.0.0-p353/specifications/activesupport-4.0.2.gemspec
I, [2014-04-16T11:54:18.767299 #25895]  INFO -- : 0:  builder (3.1.4) from /home/philip/.rvm/gems/ruby-2.0.0-p353/specifications/builder-3.1.4.gemspec
I, [2014-04-16T11:54:18.768926 #25895]  INFO -- : 0:  erubis (2.7.0) from /home/philip/.rvm/gems/ruby-2.0.0-p353/specifications/erubis-2.7.0.gemspec
I, [2014-04-16T11:54:18.770482 #25895]  INFO -- : 0:  rack (1.5.2) from /home/philip/.rvm/gems/ruby-2.0.0-p353/specifications/rack-1.5.2.gemspec
I, [2014-04-16T11:54:18.774178 #25895]  INFO -- : 0:  rack-test (0.6.2) from /home/philip/.rvm/gems/ruby-2.0.0-p353/specifications/rack-test-0.6.2.gemspec
I, [2014-04-16T11:54:18.776036 #25895]  INFO -- : 0:  actionpack (4.0.2) from /home/philip/.rvm/gems/ruby-2.0.0-p353/specifications/actionpack-4.0.2.gemspec
I, [2014-04-16T11:54:18.777832 #25895]  INFO -- : 0:  mime-types (1.25.1) from /home/philip/.rvm/gems/ruby-2.0.0-p353/specifications/mime-types-1.25.1.gemspec
I, [2014-04-16T11:54:18.780284 #25895]  INFO -- : 0:  polyglot (0.3.4) from /home/philip/.rvm/gems/ruby-2.0.0-p353/specifications/polyglot-0.3.4.gemspec
I, [2014-04-16T11:54:18.782328 #25895]  INFO -- : 0:  treetop (1.4.15) from /home/philip/.rvm/gems/ruby-2.0.0-p353/specifications/treetop-1.4.15.gemspec
I, [2014-04-16T11:54:18.784392 #25895]  INFO -- : 0:  mail (2.5.4) from /home/philip/.rvm/gems/ruby-2.0.0-p353/specifications/mail-2.5.4.gemspec
I, [2014-04-16T11:54:18.786077 #25895]  INFO -- : 0:  actionmailer (4.0.2) from /home/philip/.rvm/gems/ruby-2.0.0-p353/specifications/actionmailer-4.0.2.gemspec
I, [2014-04-16T11:54:18.787820 #25895]  INFO -- : 0:  arbre (1.0.1) from /home/philip/.rvm/gems/ruby-2.0.0-p353/specifications/arbre-1.0.1.gemspec
I, [2014-04-16T11:54:18.789428 #25895]  INFO -- : 0:  sass (3.2.13) from /home/philip/.rvm/gems/ruby-2.0.0-p353/specifications/sass-3.2.13.gemspec
I, [2014-04-16T11:54:18.791152 #25895]  INFO -- : 0:  thor (0.19.1) from /home/philip/.rvm/gems/ruby-2.0.0-p353/specifications/thor-0.19.1.gemspec
I, [2014-04-16T11:54:18.792736 #25895]  INFO -- : 0:  bourbon (3.1.8) from /home/philip/.rvm/gems/ruby-2.0.0-p353/specifications/bourbon-3.1.8.gemspec
I, [2014-04-16T11:54:18.794351 #25895]  INFO -- : 0:  coffee-script-source (1.7.0) from /home/philip/.rvm/gems/ruby-2.0.0-p353/specifications/coffee-script-source-1.7.0.gemspec
I, [2014-04-16T11:54:18.795957 #25895]  INFO -- : 0:  execjs (2.0.2) from /home/philip/.rvm/gems/ruby-2.0.0-p353/specifications/execjs-2.0.2.gemspec
I, [2014-04-16T11:54:18.797576 #25895]  INFO -- : 0:  coffee-script (2.2.0) from /home/philip/.rvm/gems/ruby-2.0.0-p353/specifications/coffee-script-2.2.0.gemspec
I, [2014-04-16T11:54:18.799280 #25895]  INFO -- : 0:  railties (4.0.2) from /home/philip/.rvm/gems/ruby-2.0.0-p353/specifications/railties-4.0.2.gemspec
I, [2014-04-16T11:54:18.800885 #25895]  INFO -- : 0:  coffee-rails (4.0.1) from /home/philip/.rvm/gems/ruby-2.0.0-p353/specifications/coffee-rails-4.0.1.gemspec
I, [2014-04-16T11:54:18.804324 #25895]  INFO -- : 0:  bcrypt (3.1.7) from /home/philip/.rvm/gems/ruby-2.0.0-p353/specifications/bcrypt-3.1.7.gemspec
I, [2014-04-16T11:54:18.806473 #25895]  INFO -- : 0:  orm_adapter (0.5.0) from /home/philip/.rvm/gems/ruby-2.0.0-p353/specifications/orm_adapter-0.5.0.gemspec
I, [2014-04-16T11:54:18.808518 #25895]  INFO -- : 0:  warden (1.2.3) from /home/philip/.rvm/gems/ruby-2.0.0-p353/specifications/warden-1.2.3.gemspec
I, [2014-04-16T11:54:18.810519 #25895]  INFO -- : 0:  devise (3.2.4) from /home/philip/.rvm/gems/ruby-2.0.0-p353/specifications/devise-3.2.4.gemspec
I, [2014-04-16T11:54:18.812688 #25895]  INFO -- : 0:  formtastic (2.3.0.rc3) from /home/philip/.rvm/gems/ruby-2.0.0-p353/specifications/formtastic-2.3.0.rc3.gemspec
I, [2014-04-16T11:54:18.814995 #25895]  INFO -- : 0:  has_scope (0.6.0.rc) from /home/philip/.rvm/gems/ruby-2.0.0-p353/specifications/has_scope-0.6.0.rc.gemspec
I, [2014-04-16T11:54:18.816964 #25895]  INFO -- : 0:  responders (1.0.0) from /home/philip/.rvm/gems/ruby-2.0.0-p353/specifications/responders-1.0.0.gemspec
I, [2014-04-16T11:54:18.818993 #25895]  INFO -- : 0:  inherited_resources (1.4.1) from /home/philip/.rvm/gems/ruby-2.0.0-p353/specifications/inherited_resources-1.4.1.gemspec
I, [2014-04-16T11:54:18.821013 #25895]  INFO -- : 0:  jquery-rails (3.1.0) from /home/philip/.rvm/gems/ruby-2.0.0-p353/specifications/jquery-rails-3.1.0.gemspec
I, [2014-04-16T11:54:18.823162 #25895]  INFO -- : 0:  jquery-ui-rails (4.2.0) from /home/philip/.rvm/gems/ruby-2.0.0-p353/specifications/jquery-ui-rails-4.2.0.gemspec
I, [2014-04-16T11:54:18.825205 #25895]  INFO -- : 0:  kaminari (0.15.1) from /home/philip/.rvm/gems/ruby-2.0.0-p353/specifications/kaminari-0.15.1.gemspec
I, [2014-04-16T11:54:18.827342 #25895]  INFO -- : 0:  activemodel (4.0.2) from /home/philip/.rvm/gems/ruby-2.0.0-p353/specifications/activemodel-4.0.2.gemspec
I, [2014-04-16T11:54:18.829370 #25895]  INFO -- : 0:  activerecord-deprecated_finders (1.0.3) from /home/philip/.rvm/gems/ruby-2.0.0-p353/specifications/activerecord-deprecated_finders-1.0.3.gemspec
I, [2014-04-16T11:54:18.831442 #25895]  INFO -- : 0:  arel (4.0.2) from /home/philip/.rvm/gems/ruby-2.0.0-p353/specifications/arel-4.0.2.gemspec
I, [2014-04-16T11:54:18.835277 #25895]  INFO -- : 0:  activerecord (4.0.2) from /home/philip/.rvm/gems/ruby-2.0.0-p353/specifications/activerecord-4.0.2.gemspec
I, [2014-04-16T11:54:18.837590 #25895]  INFO -- : 0:  bundler (1.5.1) from /home/philip/.rvm/gems/ruby-2.0.0-p353/specifications/bundler-1.5.1.gemspec
I, [2014-04-16T11:54:18.839692 #25895]  INFO -- : 0:  hike (1.2.3) from /home/philip/.rvm/gems/ruby-2.0.0-p353/specifications/hike-1.2.3.gemspec
I, [2014-04-16T11:54:18.841797 #25895]  INFO -- : 0:  tilt (1.4.1) from /home/philip/.rvm/gems/ruby-2.0.0-p353/specifications/tilt-1.4.1.gemspec
I, [2014-04-16T11:54:18.844043 #25895]  INFO -- : 0:  sprockets (2.11.0) from /home/philip/.rvm/gems/ruby-2.0.0-p353/specifications/sprockets-2.11.0.gemspec
I, [2014-04-16T11:54:18.846195 #25895]  INFO -- : 0:  sprockets-rails (2.0.1) from /home/philip/.rvm/gems/ruby-2.0.0-p353/specifications/sprockets-rails-2.0.1.gemspec
I, [2014-04-16T11:54:18.848366 #25895]  INFO -- : 0:  rails (4.0.2) from /home/philip/.rvm/gems/ruby-2.0.0-p353/specifications/rails-4.0.2.gemspec
I, [2014-04-16T11:54:18.850452 #25895]  INFO -- : 0:  polyamorous (1.0.0) from /home/philip/.rvm/gems/ruby-2.0.0-p353/specifications/polyamorous-1.0.0.gemspec
I, [2014-04-16T11:54:18.852569 #25895]  INFO -- : 0:  ransack (1.2.2) from /home/philip/.rvm/gems/ruby-2.0.0-p353/specifications/ransack-1.2.2.gemspec
I, [2014-04-16T11:54:18.855182 #25895]  INFO -- : 0:  sass-rails (4.0.1) from /home/philip/.rvm/gems/ruby-2.0.0-p353/specifications/sass-rails-4.0.1.gemspec
I, [2014-04-16T11:54:21.038451 #25895]  INFO -- : 0:  activeadmin (1.0.0.pre) from /home/philip/.rvm/gems/ruby-2.0.0-p353/bundler/gems/active_admin-5b7fa25b1e0d/activeadmin.gemspec
I, [2014-04-16T11:54:21.041303 #25895]  INFO -- : 0:  jbuilder (1.5.3) from /home/philip/.rvm/gems/ruby-2.0.0-p353/specifications/jbuilder-1.5.3.gemspec
I, [2014-04-16T11:54:21.043781 #25895]  INFO -- : 0:  json (1.8.1) from /home/philip/.rvm/gems/ruby-2.0.0-p353/specifications/json-1.8.1.gemspec
I, [2014-04-16T11:54:21.046093 #25895]  INFO -- : 0:  rdoc (3.12.2) from /home/philip/.rvm/gems/ruby-2.0.0-p353/specifications/rdoc-3.12.2.gemspec
I, [2014-04-16T11:54:21.048740 #25895]  INFO -- : 0:  sdoc (0.3.20) from /home/philip/.rvm/gems/ruby-2.0.0-p353/specifications/sdoc-0.3.20.gemspec
I, [2014-04-16T11:54:21.050778 #25895]  INFO -- : 0:  sqlite3 (1.3.8) from /home/philip/.rvm/gems/ruby-2.0.0-p353/specifications/sqlite3-1.3.8.gemspec
I, [2014-04-16T11:54:21.058219 #25895]  INFO -- : 0:  turbolinks (2.1.0) from /home/philip/.rvm/gems/ruby-2.0.0-p353/specifications/turbolinks-2.1.0.gemspec
I, [2014-04-16T11:54:21.060613 #25895]  INFO -- : 0:  uglifier (2.4.0) from /home/philip/.rvm/gems/ruby-2.0.0-p353/specifications/uglifier-2.4.0.gemspec
I, [2014-04-16T18:56:40.995805 #9475]  INFO -- : 0:  rake (10.3.0) from /home/philip/.rvm/gems/ruby-2.0.0-p353/specifications/rake-10.3.0.gemspec
I, [2014-04-16T18:56:40.997877 #9475]  INFO -- : 0:  i18n (0.6.9) from /home/philip/.rvm/gems/ruby-2.0.0-p353/specifications/i18n-0.6.9.gemspec
I, [2014-04-16T18:56:40.999625 #9475]  INFO -- : 0:  minitest (4.7.5) from /home/philip/.rvm/gems/ruby-2.0.0-p353/specifications/minitest-4.7.5.gemspec
I, [2014-04-16T18:56:41.001231 #9475]  INFO -- : 0:  multi_json (1.9.2) from /home/philip/.rvm/gems/ruby-2.0.0-p353/specifications/multi_json-1.9.2.gemspec
I, [2014-04-16T18:56:41.002910 #9475]  INFO -- : 0:  thread_safe (0.3.3) from /home/philip/.rvm/gems/ruby-2.0.0-p353/specifications/thread_safe-0.3.3.gemspec
I, [2014-04-16T18:56:41.004820 #9475]  INFO -- : 0:  tzinfo (0.3.39) from /home/philip/.rvm/gems/ruby-2.0.0-p353/specifications/tzinfo-0.3.39.gemspec
I, [2014-04-16T18:56:41.006632 #9475]  INFO -- : 0:  activesupport (4.0.2) from /home/philip/.rvm/gems/ruby-2.0.0-p353/specifications/activesupport-4.0.2.gemspec
I, [2014-04-16T18:56:41.008249 #9475]  INFO -- : 0:  builder (3.1.4) from /home/philip/.rvm/gems/ruby-2.0.0-p353/specifications/builder-3.1.4.gemspec
I, [2014-04-16T18:56:41.009810 #9475]  INFO -- : 0:  erubis (2.7.0) from /home/philip/.rvm/gems/ruby-2.0.0-p353/specifications/erubis-2.7.0.gemspec
I, [2014-04-16T18:56:41.011505 #9475]  INFO -- : 0:  rack (1.5.2) from /home/philip/.rvm/gems/ruby-2.0.0-p353/specifications/rack-1.5.2.gemspec
I, [2014-04-16T18:56:41.013097 #9475]  INFO -- : 0:  rack-test (0.6.2) from /home/philip/.rvm/gems/ruby-2.0.0-p353/specifications/rack-test-0.6.2.gemspec
I, [2014-04-16T18:56:41.014723 #9475]  INFO -- : 0:  actionpack (4.0.2) from /home/philip/.rvm/gems/ruby-2.0.0-p353/specifications/actionpack-4.0.2.gemspec
I, [2014-04-16T18:56:41.016379 #9475]  INFO -- : 0:  mime-types (1.25.1) from /home/philip/.rvm/gems/ruby-2.0.0-p353/specifications/mime-types-1.25.1.gemspec
I, [2014-04-16T18:56:41.018022 #9475]  INFO -- : 0:  polyglot (0.3.4) from /home/philip/.rvm/gems/ruby-2.0.0-p353/specifications/polyglot-0.3.4.gemspec
I, [2014-04-16T18:56:41.019626 #9475]  INFO -- : 0:  treetop (1.4.15) from /home/philip/.rvm/gems/ruby-2.0.0-p353/specifications/treetop-1.4.15.gemspec
I, [2014-04-16T18:56:41.021219 #9475]  INFO -- : 0:  mail (2.5.4) from /home/philip/.rvm/gems/ruby-2.0.0-p353/specifications/mail-2.5.4.gemspec
I, [2014-04-16T18:56:41.022878 #9475]  INFO -- : 0:  actionmailer (4.0.2) from /home/philip/.rvm/gems/ruby-2.0.0-p353/specifications/actionmailer-4.0.2.gemspec
I, [2014-04-16T18:56:41.024417 #9475]  INFO -- : 0:  arbre (1.0.1) from /home/philip/.rvm/gems/ruby-2.0.0-p353/specifications/arbre-1.0.1.gemspec
I, [2014-04-16T18:56:41.026041 #9475]  INFO -- : 0:  sass (3.2.13) from /home/philip/.rvm/gems/ruby-2.0.0-p353/specifications/sass-3.2.13.gemspec
I, [2014-04-16T18:56:41.027643 #9475]  INFO -- : 0:  thor (0.19.1) from /home/philip/.rvm/gems/ruby-2.0.0-p353/specifications/thor-0.19.1.gemspec
I, [2014-04-16T18:56:41.029243 #9475]  INFO -- : 0:  bourbon (3.1.8) from /home/philip/.rvm/gems/ruby-2.0.0-p353/specifications/bourbon-3.1.8.gemspec
I, [2014-04-16T18:56:41.030885 #9475]  INFO -- : 0:  coffee-script-source (1.7.0) from /home/philip/.rvm/gems/ruby-2.0.0-p353/specifications/coffee-script-source-1.7.0.gemspec
I, [2014-04-16T18:56:41.032493 #9475]  INFO -- : 0:  execjs (2.0.2) from /home/philip/.rvm/gems/ruby-2.0.0-p353/specifications/execjs-2.0.2.gemspec
I, [2014-04-16T18:56:41.034113 #9475]  INFO -- : 0:  coffee-script (2.2.0) from /home/philip/.rvm/gems/ruby-2.0.0-p353/specifications/coffee-script-2.2.0.gemspec
I, [2014-04-16T18:56:41.035742 #9475]  INFO -- : 0:  railties (4.0.2) from /home/philip/.rvm/gems/ruby-2.0.0-p353/specifications/railties-4.0.2.gemspec
I, [2014-04-16T18:56:41.037318 #9475]  INFO -- : 0:  coffee-rails (4.0.1) from /home/philip/.rvm/gems/ruby-2.0.0-p353/specifications/coffee-rails-4.0.1.gemspec
I, [2014-04-16T18:56:41.039033 #9475]  INFO -- : 0:  bcrypt (3.1.7) from /home/philip/.rvm/gems/ruby-2.0.0-p353/specifications/bcrypt-3.1.7.gemspec
I, [2014-04-16T18:56:41.040597 #9475]  INFO -- : 0:  orm_adapter (0.5.0) from /home/philip/.rvm/gems/ruby-2.0.0-p353/specifications/orm_adapter-0.5.0.gemspec
I, [2014-04-16T18:56:41.042175 #9475]  INFO -- : 0:  warden (1.2.3) from /home/philip/.rvm/gems/ruby-2.0.0-p353/specifications/warden-1.2.3.gemspec
I, [2014-04-16T18:56:41.043758 #9475]  INFO -- : 0:  devise (3.2.4) from /home/philip/.rvm/gems/ruby-2.0.0-p353/specifications/devise-3.2.4.gemspec
I, [2014-04-16T18:56:41.045344 #9475]  INFO -- : 0:  formtastic (2.3.0.rc3) from /home/philip/.rvm/gems/ruby-2.0.0-p353/specifications/formtastic-2.3.0.rc3.gemspec
I, [2014-04-16T18:56:41.047007 #9475]  INFO -- : 0:  has_scope (0.6.0.rc) from /home/philip/.rvm/gems/ruby-2.0.0-p353/specifications/has_scope-0.6.0.rc.gemspec
I, [2014-04-16T18:56:41.048592 #9475]  INFO -- : 0:  responders (1.0.0) from /home/philip/.rvm/gems/ruby-2.0.0-p353/specifications/responders-1.0.0.gemspec
I, [2014-04-16T18:56:41.050285 #9475]  INFO -- : 0:  inherited_resources (1.4.1) from /home/philip/.rvm/gems/ruby-2.0.0-p353/specifications/inherited_resources-1.4.1.gemspec
I, [2014-04-16T18:56:41.051885 #9475]  INFO -- : 0:  jquery-rails (3.1.0) from /home/philip/.rvm/gems/ruby-2.0.0-p353/specifications/jquery-rails-3.1.0.gemspec
I, [2014-04-16T18:56:41.053511 #9475]  INFO -- : 0:  jquery-ui-rails (4.2.0) from /home/philip/.rvm/gems/ruby-2.0.0-p353/specifications/jquery-ui-rails-4.2.0.gemspec
I, [2014-04-16T18:56:41.055138 #9475]  INFO -- : 0:  kaminari (0.15.1) from /home/philip/.rvm/gems/ruby-2.0.0-p353/specifications/kaminari-0.15.1.gemspec
I, [2014-04-16T18:56:41.056702 #9475]  INFO -- : 0:  activemodel (4.0.2) from /home/philip/.rvm/gems/ruby-2.0.0-p353/specifications/activemodel-4.0.2.gemspec
I, [2014-04-16T18:56:41.058301 #9475]  INFO -- : 0:  activerecord-deprecated_finders (1.0.3) from /home/philip/.rvm/gems/ruby-2.0.0-p353/specifications/activerecord-deprecated_finders-1.0.3.gemspec
I, [2014-04-16T18:56:41.059891 #9475]  INFO -- : 0:  arel (4.0.2) from /home/philip/.rvm/gems/ruby-2.0.0-p353/specifications/arel-4.0.2.gemspec
I, [2014-04-16T18:56:41.061511 #9475]  INFO -- : 0:  activerecord (4.0.2) from /home/philip/.rvm/gems/ruby-2.0.0-p353/specifications/activerecord-4.0.2.gemspec
I, [2014-04-16T18:56:41.063204 #9475]  INFO -- : 0:  bundler (1.5.1) from /home/philip/.rvm/gems/ruby-2.0.0-p353/specifications/bundler-1.5.1.gemspec
I, [2014-04-16T18:56:41.064806 #9475]  INFO -- : 0:  hike (1.2.3) from /home/philip/.rvm/gems/ruby-2.0.0-p353/specifications/hike-1.2.3.gemspec
I, [2014-04-16T18:56:41.066432 #9475]  INFO -- : 0:  tilt (1.4.1) from /home/philip/.rvm/gems/ruby-2.0.0-p353/specifications/tilt-1.4.1.gemspec
I, [2014-04-16T18:56:41.068080 #9475]  INFO -- : 0:  sprockets (2.11.0) from /home/philip/.rvm/gems/ruby-2.0.0-p353/specifications/sprockets-2.11.0.gemspec
I, [2014-04-16T18:56:41.069710 #9475]  INFO -- : 0:  sprockets-rails (2.0.1) from /home/philip/.rvm/gems/ruby-2.0.0-p353/specifications/sprockets-rails-2.0.1.gemspec
I, [2014-04-16T18:56:41.071408 #9475]  INFO -- : 0:  rails (4.0.2) from /home/philip/.rvm/gems/ruby-2.0.0-p353/specifications/rails-4.0.2.gemspec
I, [2014-04-16T18:56:41.073027 #9475]  INFO -- : 0:  polyamorous (1.0.0) from /home/philip/.rvm/gems/ruby-2.0.0-p353/specifications/polyamorous-1.0.0.gemspec
I, [2014-04-16T18:56:41.074851 #9475]  INFO -- : 0:  ransack (1.2.2) from /home/philip/.rvm/gems/ruby-2.0.0-p353/specifications/ransack-1.2.2.gemspec
I, [2014-04-16T18:56:41.076475 #9475]  INFO -- : 0:  sass-rails (4.0.1) from /home/philip/.rvm/gems/ruby-2.0.0-p353/specifications/sass-rails-4.0.1.gemspec
I, [2014-04-16T18:56:42.804593 #9475]  INFO -- : 0:  activeadmin (1.0.0.pre) from /home/philip/.rvm/gems/ruby-2.0.0-p353/bundler/gems/active_admin-5b7fa25b1e0d/activeadmin.gemspec
I, [2014-04-16T18:56:42.806533 #9475]  INFO -- : 0:  jbuilder (1.5.3) from /home/philip/.rvm/gems/ruby-2.0.0-p353/specifications/jbuilder-1.5.3.gemspec
I, [2014-04-16T18:56:42.808157 #9475]  INFO -- : 0:  json (1.8.1) from /home/philip/.rvm/gems/ruby-2.0.0-p353/specifications/json-1.8.1.gemspec
I, [2014-04-16T18:56:42.809731 #9475]  INFO -- : 0:  rdoc (3.12.2) from /home/philip/.rvm/gems/ruby-2.0.0-p353/specifications/rdoc-3.12.2.gemspec
I, [2014-04-16T18:56:42.811345 #9475]  INFO -- : 0:  sdoc (0.3.20) from /home/philip/.rvm/gems/ruby-2.0.0-p353/specifications/sdoc-0.3.20.gemspec
I, [2014-04-16T18:56:42.812882 #9475]  INFO -- : 0:  sqlite3 (1.3.8) from /home/philip/.rvm/gems/ruby-2.0.0-p353/specifications/sqlite3-1.3.8.gemspec
I, [2014-04-16T18:56:42.814508 #9475]  INFO -- : 0:  turbolinks (2.1.0) from /home/philip/.rvm/gems/ruby-2.0.0-p353/specifications/turbolinks-2.1.0.gemspec
I, [2014-04-16T18:56:42.816034 #9475]  INFO -- : 0:  uglifier (2.4.0) from /home/philip/.rvm/gems/ruby-2.0.0-p353/specifications/uglifier-2.4.0.gemspec
I, [2014-04-19T05:19:17.541690 #24264]  INFO -- : 0:  rake (10.3.0) from /home/philip/.rvm/gems/ruby-2.0.0-p353/specifications/rake-10.3.0.gemspec
I, [2014-04-19T05:19:17.545985 #24264]  INFO -- : 0:  i18n (0.6.9) from /home/philip/.rvm/gems/ruby-2.0.0-p353/specifications/i18n-0.6.9.gemspec
I, [2014-04-19T05:19:17.548414 #24264]  INFO -- : 0:  minitest (4.7.5) from /home/philip/.rvm/gems/ruby-2.0.0-p353/specifications/minitest-4.7.5.gemspec
I, [2014-04-19T05:19:17.551117 #24264]  INFO -- : 0:  multi_json (1.9.2) from /home/philip/.rvm/gems/ruby-2.0.0-p353/specifications/multi_json-1.9.2.gemspec
I, [2014-04-19T05:19:17.553406 #24264]  INFO -- : 0:  thread_safe (0.3.3) from /home/philip/.rvm/gems/ruby-2.0.0-p353/specifications/thread_safe-0.3.3.gemspec
I, [2014-04-19T05:19:17.556082 #24264]  INFO -- : 0:  tzinfo (0.3.39) from /home/philip/.rvm/gems/ruby-2.0.0-p353/specifications/tzinfo-0.3.39.gemspec
I, [2014-04-19T05:19:17.558990 #24264]  INFO -- : 0:  activesupport (4.0.2) from /home/philip/.rvm/gems/ruby-2.0.0-p353/specifications/activesupport-4.0.2.gemspec
I, [2014-04-19T05:19:17.566600 #24264]  INFO -- : 0:  builder (3.1.4) from /home/philip/.rvm/gems/ruby-2.0.0-p353/specifications/builder-3.1.4.gemspec
I, [2014-04-19T05:19:17.568471 #24264]  INFO -- : 0:  erubis (2.7.0) from /home/philip/.rvm/gems/ruby-2.0.0-p353/specifications/erubis-2.7.0.gemspec
I, [2014-04-19T05:19:17.570446 #24264]  INFO -- : 0:  rack (1.5.2) from /home/philip/.rvm/gems/ruby-2.0.0-p353/specifications/rack-1.5.2.gemspec
I, [2014-04-19T05:19:17.572294 #24264]  INFO -- : 0:  rack-test (0.6.2) from /home/philip/.rvm/gems/ruby-2.0.0-p353/specifications/rack-test-0.6.2.gemspec
I, [2014-04-19T05:19:17.574402 #24264]  INFO -- : 0:  actionpack (4.0.2) from /home/philip/.rvm/gems/ruby-2.0.0-p353/specifications/actionpack-4.0.2.gemspec
I, [2014-04-19T05:19:17.576460 #24264]  INFO -- : 0:  mime-types (1.25.1) from /home/philip/.rvm/gems/ruby-2.0.0-p353/specifications/mime-types-1.25.1.gemspec
I, [2014-04-19T05:19:17.578484 #24264]  INFO -- : 0:  polyglot (0.3.4) from /home/philip/.rvm/gems/ruby-2.0.0-p353/specifications/polyglot-0.3.4.gemspec
I, [2014-04-19T05:19:17.580485 #24264]  INFO -- : 0:  treetop (1.4.15) from /home/philip/.rvm/gems/ruby-2.0.0-p353/specifications/treetop-1.4.15.gemspec
I, [2014-04-19T05:19:17.582616 #24264]  INFO -- : 0:  mail (2.5.4) from /home/philip/.rvm/gems/ruby-2.0.0-p353/specifications/mail-2.5.4.gemspec
I, [2014-04-19T05:19:17.584758 #24264]  INFO -- : 0:  actionmailer (4.0.2) from /home/philip/.rvm/gems/ruby-2.0.0-p353/specifications/actionmailer-4.0.2.gemspec
I, [2014-04-19T05:19:17.586782 #24264]  INFO -- : 0:  arbre (1.0.1) from /home/philip/.rvm/gems/ruby-2.0.0-p353/specifications/arbre-1.0.1.gemspec
I, [2014-04-19T05:19:17.588771 #24264]  INFO -- : 0:  sass (3.2.13) from /home/philip/.rvm/gems/ruby-2.0.0-p353/specifications/sass-3.2.13.gemspec
I, [2014-04-19T05:19:17.590843 #24264]  INFO -- : 0:  thor (0.19.1) from /home/philip/.rvm/gems/ruby-2.0.0-p353/specifications/thor-0.19.1.gemspec
I, [2014-04-19T05:19:17.592896 #24264]  INFO -- : 0:  bourbon (3.1.8) from /home/philip/.rvm/gems/ruby-2.0.0-p353/specifications/bourbon-3.1.8.gemspec
I, [2014-04-19T05:19:17.595340 #24264]  INFO -- : 0:  coffee-script-source (1.7.0) from /home/philip/.rvm/gems/ruby-2.0.0-p353/specifications/coffee-script-source-1.7.0.gemspec
I, [2014-04-19T05:19:17.597861 #24264]  INFO -- : 0:  execjs (2.0.2) from /home/philip/.rvm/gems/ruby-2.0.0-p353/specifications/execjs-2.0.2.gemspec
I, [2014-04-19T05:19:17.600005 #24264]  INFO -- : 0:  coffee-script (2.2.0) from /home/philip/.rvm/gems/ruby-2.0.0-p353/specifications/coffee-script-2.2.0.gemspec
I, [2014-04-19T05:19:17.601944 #24264]  INFO -- : 0:  railties (4.0.2) from /home/philip/.rvm/gems/ruby-2.0.0-p353/specifications/railties-4.0.2.gemspec
I, [2014-04-19T05:19:17.604421 #24264]  INFO -- : 0:  coffee-rails (4.0.1) from /home/philip/.rvm/gems/ruby-2.0.0-p353/specifications/coffee-rails-4.0.1.gemspec
I, [2014-04-19T05:19:17.611666 #24264]  INFO -- : 0:  bcrypt (3.1.7) from /home/philip/.rvm/gems/ruby-2.0.0-p353/specifications/bcrypt-3.1.7.gemspec
I, [2014-04-19T05:19:17.613772 #24264]  INFO -- : 0:  orm_adapter (0.5.0) from /home/philip/.rvm/gems/ruby-2.0.0-p353/specifications/orm_adapter-0.5.0.gemspec
I, [2014-04-19T05:19:17.615778 #24264]  INFO -- : 0:  warden (1.2.3) from /home/philip/.rvm/gems/ruby-2.0.0-p353/specifications/warden-1.2.3.gemspec
I, [2014-04-19T05:19:17.617771 #24264]  INFO -- : 0:  devise (3.2.4) from /home/philip/.rvm/gems/ruby-2.0.0-p353/specifications/devise-3.2.4.gemspec
I, [2014-04-19T05:19:17.619900 #24264]  INFO -- : 0:  formtastic (2.3.0.rc3) from /home/philip/.rvm/gems/ruby-2.0.0-p353/specifications/formtastic-2.3.0.rc3.gemspec
I, [2014-04-19T05:19:17.621966 #24264]  INFO -- : 0:  has_scope (0.6.0.rc) from /home/philip/.rvm/gems/ruby-2.0.0-p353/specifications/has_scope-0.6.0.rc.gemspec
I, [2014-04-19T05:19:17.624114 #24264]  INFO -- : 0:  responders (1.0.0) from /home/philip/.rvm/gems/ruby-2.0.0-p353/specifications/responders-1.0.0.gemspec
I, [2014-04-19T05:19:17.626499 #24264]  INFO -- : 0:  inherited_resources (1.4.1) from /home/philip/.rvm/gems/ruby-2.0.0-p353/specifications/inherited_resources-1.4.1.gemspec
I, [2014-04-19T05:19:17.629007 #24264]  INFO -- : 0:  jquery-rails (3.1.0) from /home/philip/.rvm/gems/ruby-2.0.0-p353/specifications/jquery-rails-3.1.0.gemspec
I, [2014-04-19T05:19:17.631248 #24264]  INFO -- : 0:  jquery-ui-rails (4.2.0) from /home/philip/.rvm/gems/ruby-2.0.0-p353/specifications/jquery-ui-rails-4.2.0.gemspec
I, [2014-04-19T05:19:17.633163 #24264]  INFO -- : 0:  kaminari (0.15.1) from /home/philip/.rvm/gems/ruby-2.0.0-p353/specifications/kaminari-0.15.1.gemspec
I, [2014-04-19T05:19:17.635102 #24264]  INFO -- : 0:  activemodel (4.0.2) from /home/philip/.rvm/gems/ruby-2.0.0-p353/specifications/activemodel-4.0.2.gemspec
I, [2014-04-19T05:19:17.636920 #24264]  INFO -- : 0:  activerecord-deprecated_finders (1.0.3) from /home/philip/.rvm/gems/ruby-2.0.0-p353/specifications/activerecord-deprecated_finders-1.0.3.gemspec
I, [2014-04-19T05:19:17.638837 #24264]  INFO -- : 0:  arel (4.0.2) from /home/philip/.rvm/gems/ruby-2.0.0-p353/specifications/arel-4.0.2.gemspec
I, [2014-04-19T05:19:17.646863 #24264]  INFO -- : 0:  activerecord (4.0.2) from /home/philip/.rvm/gems/ruby-2.0.0-p353/specifications/activerecord-4.0.2.gemspec
I, [2014-04-19T05:19:17.648590 #24264]  INFO -- : 0:  bundler (1.5.1) from /home/philip/.rvm/gems/ruby-2.0.0-p353/specifications/bundler-1.5.1.gemspec
I, [2014-04-19T05:19:17.650518 #24264]  INFO -- : 0:  hike (1.2.3) from /home/philip/.rvm/gems/ruby-2.0.0-p353/specifications/hike-1.2.3.gemspec
I, [2014-04-19T05:19:17.652276 #24264]  INFO -- : 0:  tilt (1.4.1) from /home/philip/.rvm/gems/ruby-2.0.0-p353/specifications/tilt-1.4.1.gemspec
I, [2014-04-19T05:19:17.654277 #24264]  INFO -- : 0:  sprockets (2.11.0) from /home/philip/.rvm/gems/ruby-2.0.0-p353/specifications/sprockets-2.11.0.gemspec
I, [2014-04-19T05:19:17.656418 #24264]  INFO -- : 0:  sprockets-rails (2.0.1) from /home/philip/.rvm/gems/ruby-2.0.0-p353/specifications/sprockets-rails-2.0.1.gemspec
I, [2014-04-19T05:19:17.658555 #24264]  INFO -- : 0:  rails (4.0.2) from /home/philip/.rvm/gems/ruby-2.0.0-p353/specifications/rails-4.0.2.gemspec
I, [2014-04-19T05:19:17.660220 #24264]  INFO -- : 0:  polyamorous (1.0.0) from /home/philip/.rvm/gems/ruby-2.0.0-p353/specifications/polyamorous-1.0.0.gemspec
I, [2014-04-19T05:19:17.661884 #24264]  INFO -- : 0:  ransack (1.2.2) from /home/philip/.rvm/gems/ruby-2.0.0-p353/specifications/ransack-1.2.2.gemspec
I, [2014-04-19T05:19:17.663728 #24264]  INFO -- : 0:  sass-rails (4.0.1) from /home/philip/.rvm/gems/ruby-2.0.0-p353/specifications/sass-rails-4.0.1.gemspec
I, [2014-04-19T05:19:20.182221 #24264]  INFO -- : 0:  activeadmin (1.0.0.pre) from /home/philip/.rvm/gems/ruby-2.0.0-p353/bundler/gems/active_admin-5b7fa25b1e0d/activeadmin.gemspec
I, [2014-04-19T05:19:20.184692 #24264]  INFO -- : 0:  jbuilder (1.5.3) from /home/philip/.rvm/gems/ruby-2.0.0-p353/specifications/jbuilder-1.5.3.gemspec
I, [2014-04-19T05:19:20.186726 #24264]  INFO -- : 0:  json (1.8.1) from /home/philip/.rvm/gems/ruby-2.0.0-p353/specifications/json-1.8.1.gemspec
I, [2014-04-19T05:19:20.190800 #24264]  INFO -- : 0:  rdoc (3.12.2) from /home/philip/.rvm/gems/ruby-2.0.0-p353/specifications/rdoc-3.12.2.gemspec
I, [2014-04-19T05:19:20.194891 #24264]  INFO -- : 0:  sdoc (0.3.20) from /home/philip/.rvm/gems/ruby-2.0.0-p353/specifications/sdoc-0.3.20.gemspec
I, [2014-04-19T05:19:20.206151 #24264]  INFO -- : 0:  sqlite3 (1.3.8) from /home/philip/.rvm/gems/ruby-2.0.0-p353/specifications/sqlite3-1.3.8.gemspec
I, [2014-04-19T05:19:20.210375 #24264]  INFO -- : 0:  turbolinks (2.1.0) from /home/philip/.rvm/gems/ruby-2.0.0-p353/specifications/turbolinks-2.1.0.gemspec
I, [2014-04-19T05:19:20.213358 #24264]  INFO -- : 0:  uglifier (2.4.0) from /home/philip/.rvm/gems/ruby-2.0.0-p353/specifications/uglifier-2.4.0.gemspec
I, [2014-04-20T07:03:03.653616 #24109]  INFO -- : 0:  rake (10.3.0) from /home/philip/.rvm/gems/ruby-2.0.0-p353/specifications/rake-10.3.0.gemspec
I, [2014-04-20T07:03:03.670583 #24109]  INFO -- : 0:  i18n (0.6.9) from /home/philip/.rvm/gems/ruby-2.0.0-p353/specifications/i18n-0.6.9.gemspec
I, [2014-04-20T07:03:03.672269 #24109]  INFO -- : 0:  minitest (4.7.5) from /home/philip/.rvm/gems/ruby-2.0.0-p353/specifications/minitest-4.7.5.gemspec
I, [2014-04-20T07:03:03.673839 #24109]  INFO -- : 0:  multi_json (1.9.2) from /home/philip/.rvm/gems/ruby-2.0.0-p353/specifications/multi_json-1.9.2.gemspec
I, [2014-04-20T07:03:03.679050 #24109]  INFO -- : 0:  thread_safe (0.3.3) from /home/philip/.rvm/gems/ruby-2.0.0-p353/specifications/thread_safe-0.3.3.gemspec
I, [2014-04-20T07:03:03.681078 #24109]  INFO -- : 0:  tzinfo (0.3.39) from /home/philip/.rvm/gems/ruby-2.0.0-p353/specifications/tzinfo-0.3.39.gemspec
I, [2014-04-20T07:03:03.686207 #24109]  INFO -- : 0:  activesupport (4.0.2) from /home/philip/.rvm/gems/ruby-2.0.0-p353/specifications/activesupport-4.0.2.gemspec
I, [2014-04-20T07:03:03.688051 #24109]  INFO -- : 0:  builder (3.1.4) from /home/philip/.rvm/gems/ruby-2.0.0-p353/specifications/builder-3.1.4.gemspec
I, [2014-04-20T07:03:03.689658 #24109]  INFO -- : 0:  erubis (2.7.0) from /home/philip/.rvm/gems/ruby-2.0.0-p353/specifications/erubis-2.7.0.gemspec
I, [2014-04-20T07:03:03.691367 #24109]  INFO -- : 0:  rack (1.5.2) from /home/philip/.rvm/gems/ruby-2.0.0-p353/specifications/rack-1.5.2.gemspec
I, [2014-04-20T07:03:03.693051 #24109]  INFO -- : 0:  rack-test (0.6.2) from /home/philip/.rvm/gems/ruby-2.0.0-p353/specifications/rack-test-0.6.2.gemspec
I, [2014-04-20T07:03:03.694911 #24109]  INFO -- : 0:  actionpack (4.0.2) from /home/philip/.rvm/gems/ruby-2.0.0-p353/specifications/actionpack-4.0.2.gemspec
I, [2014-04-20T07:03:03.697835 #24109]  INFO -- : 0:  mime-types (1.25.1) from /home/philip/.rvm/gems/ruby-2.0.0-p353/specifications/mime-types-1.25.1.gemspec
I, [2014-04-20T07:03:03.699698 #24109]  INFO -- : 0:  polyglot (0.3.4) from /home/philip/.rvm/gems/ruby-2.0.0-p353/specifications/polyglot-0.3.4.gemspec
I, [2014-04-20T07:03:03.701878 #24109]  INFO -- : 0:  treetop (1.4.15) from /home/philip/.rvm/gems/ruby-2.0.0-p353/specifications/treetop-1.4.15.gemspec
I, [2014-04-20T07:03:03.703918 #24109]  INFO -- : 0:  mail (2.5.4) from /home/philip/.rvm/gems/ruby-2.0.0-p353/specifications/mail-2.5.4.gemspec
I, [2014-04-20T07:03:03.705622 #24109]  INFO -- : 0:  actionmailer (4.0.2) from /home/philip/.rvm/gems/ruby-2.0.0-p353/specifications/actionmailer-4.0.2.gemspec
I, [2014-04-20T07:03:03.707376 #24109]  INFO -- : 0:  arbre (1.0.1) from /home/philip/.rvm/gems/ruby-2.0.0-p353/specifications/arbre-1.0.1.gemspec
I, [2014-04-20T07:03:03.709028 #24109]  INFO -- : 0:  sass (3.2.13) from /home/philip/.rvm/gems/ruby-2.0.0-p353/specifications/sass-3.2.13.gemspec
I, [2014-04-20T07:03:03.710789 #24109]  INFO -- : 0:  thor (0.19.1) from /home/philip/.rvm/gems/ruby-2.0.0-p353/specifications/thor-0.19.1.gemspec
I, [2014-04-20T07:03:03.712550 #24109]  INFO -- : 0:  bourbon (3.1.8) from /home/philip/.rvm/gems/ruby-2.0.0-p353/specifications/bourbon-3.1.8.gemspec
I, [2014-04-20T07:03:03.714732 #24109]  INFO -- : 0:  coffee-script-source (1.7.0) from /home/philip/.rvm/gems/ruby-2.0.0-p353/specifications/coffee-script-source-1.7.0.gemspec
I, [2014-04-20T07:03:03.716428 #24109]  INFO -- : 0:  execjs (2.0.2) from /home/philip/.rvm/gems/ruby-2.0.0-p353/specifications/execjs-2.0.2.gemspec
I, [2014-04-20T07:03:03.719272 #24109]  INFO -- : 0:  coffee-script (2.2.0) from /home/philip/.rvm/gems/ruby-2.0.0-p353/specifications/coffee-script-2.2.0.gemspec
I, [2014-04-20T07:03:03.721064 #24109]  INFO -- : 0:  railties (4.0.2) from /home/philip/.rvm/gems/ruby-2.0.0-p353/specifications/railties-4.0.2.gemspec
I, [2014-04-20T07:03:03.723043 #24109]  INFO -- : 0:  coffee-rails (4.0.1) from /home/philip/.rvm/gems/ruby-2.0.0-p353/specifications/coffee-rails-4.0.1.gemspec
I, [2014-04-20T07:03:03.724703 #24109]  INFO -- : 0:  bcrypt (3.1.7) from /home/philip/.rvm/gems/ruby-2.0.0-p353/specifications/bcrypt-3.1.7.gemspec
I, [2014-04-20T07:03:03.726522 #24109]  INFO -- : 0:  orm_adapter (0.5.0) from /home/philip/.rvm/gems/ruby-2.0.0-p353/specifications/orm_adapter-0.5.0.gemspec
I, [2014-04-20T07:03:03.728402 #24109]  INFO -- : 0:  warden (1.2.3) from /home/philip/.rvm/gems/ruby-2.0.0-p353/specifications/warden-1.2.3.gemspec
I, [2014-04-20T07:03:03.730268 #24109]  INFO -- : 0:  devise (3.2.4) from /home/philip/.rvm/gems/ruby-2.0.0-p353/specifications/devise-3.2.4.gemspec
I, [2014-04-20T07:03:03.732094 #24109]  INFO -- : 0:  formtastic (2.3.0.rc3) from /home/philip/.rvm/gems/ruby-2.0.0-p353/specifications/formtastic-2.3.0.rc3.gemspec
I, [2014-04-20T07:03:03.733718 #24109]  INFO -- : 0:  has_scope (0.6.0.rc) from /home/philip/.rvm/gems/ruby-2.0.0-p353/specifications/has_scope-0.6.0.rc.gemspec
I, [2014-04-20T07:03:03.735527 #24109]  INFO -- : 0:  responders (1.0.0) from /home/philip/.rvm/gems/ruby-2.0.0-p353/specifications/responders-1.0.0.gemspec
I, [2014-04-20T07:03:03.737356 #24109]  INFO -- : 0:  inherited_resources (1.4.1) from /home/philip/.rvm/gems/ruby-2.0.0-p353/specifications/inherited_resources-1.4.1.gemspec
I, [2014-04-20T07:03:03.739221 #24109]  INFO -- : 0:  jquery-rails (3.1.0) from /home/philip/.rvm/gems/ruby-2.0.0-p353/specifications/jquery-rails-3.1.0.gemspec
I, [2014-04-20T07:03:03.741098 #24109]  INFO -- : 0:  jquery-ui-rails (4.2.0) from /home/philip/.rvm/gems/ruby-2.0.0-p353/specifications/jquery-ui-rails-4.2.0.gemspec
I, [2014-04-20T07:03:03.742994 #24109]  INFO -- : 0:  kaminari (0.15.1) from /home/philip/.rvm/gems/ruby-2.0.0-p353/specifications/kaminari-0.15.1.gemspec
I, [2014-04-20T07:03:03.745023 #24109]  INFO -- : 0:  activemodel (4.0.2) from /home/philip/.rvm/gems/ruby-2.0.0-p353/specifications/activemodel-4.0.2.gemspec
I, [2014-04-20T07:03:03.747003 #24109]  INFO -- : 0:  activerecord-deprecated_finders (1.0.3) from /home/philip/.rvm/gems/ruby-2.0.0-p353/specifications/activerecord-deprecated_finders-1.0.3.gemspec
I, [2014-04-20T07:03:03.773323 #24109]  INFO -- : 0:  arel (4.0.2) from /home/philip/.rvm/gems/ruby-2.0.0-p353/specifications/arel-4.0.2.gemspec
I, [2014-04-20T07:03:03.775101 #24109]  INFO -- : 0:  activerecord (4.0.2) from /home/philip/.rvm/gems/ruby-2.0.0-p353/specifications/activerecord-4.0.2.gemspec
I, [2014-04-20T07:03:03.776644 #24109]  INFO -- : 0:  bundler (1.5.1) from /home/philip/.rvm/gems/ruby-2.0.0-p353/specifications/bundler-1.5.1.gemspec
I, [2014-04-20T07:03:03.778318 #24109]  INFO -- : 0:  hike (1.2.3) from /home/philip/.rvm/gems/ruby-2.0.0-p353/specifications/hike-1.2.3.gemspec
I, [2014-04-20T07:03:03.780302 #24109]  INFO -- : 0:  tilt (1.4.1) from /home/philip/.rvm/gems/ruby-2.0.0-p353/specifications/tilt-1.4.1.gemspec
I, [2014-04-20T07:03:03.782719 #24109]  INFO -- : 0:  sprockets (2.11.0) from /home/philip/.rvm/gems/ruby-2.0.0-p353/specifications/sprockets-2.11.0.gemspec
I, [2014-04-20T07:03:03.785100 #24109]  INFO -- : 0:  sprockets-rails (2.0.1) from /home/philip/.rvm/gems/ruby-2.0.0-p353/specifications/sprockets-rails-2.0.1.gemspec
I, [2014-04-20T07:03:03.787815 #24109]  INFO -- : 0:  rails (4.0.2) from /home/philip/.rvm/gems/ruby-2.0.0-p353/specifications/rails-4.0.2.gemspec
I, [2014-04-20T07:03:03.790240 #24109]  INFO -- : 0:  polyamorous (1.0.0) from /home/philip/.rvm/gems/ruby-2.0.0-p353/specifications/polyamorous-1.0.0.gemspec
I, [2014-04-20T07:03:03.792727 #24109]  INFO -- : 0:  ransack (1.2.2) from /home/philip/.rvm/gems/ruby-2.0.0-p353/specifications/ransack-1.2.2.gemspec
I, [2014-04-20T07:03:03.795434 #24109]  INFO -- : 0:  sass-rails (4.0.1) from /home/philip/.rvm/gems/ruby-2.0.0-p353/specifications/sass-rails-4.0.1.gemspec
I, [2014-04-20T07:03:08.263590 #24109]  INFO -- : 0:  activeadmin (1.0.0.pre) from /home/philip/.rvm/gems/ruby-2.0.0-p353/bundler/gems/active_admin-5b7fa25b1e0d/activeadmin.gemspec
I, [2014-04-20T07:03:08.265422 #24109]  INFO -- : 0:  jbuilder (1.5.3) from /home/philip/.rvm/gems/ruby-2.0.0-p353/specifications/jbuilder-1.5.3.gemspec
I, [2014-04-20T07:03:08.267075 #24109]  INFO -- : 0:  json (1.8.1) from /home/philip/.rvm/gems/ruby-2.0.0-p353/specifications/json-1.8.1.gemspec
I, [2014-04-20T07:03:08.268638 #24109]  INFO -- : 0:  rdoc (3.12.2) from /home/philip/.rvm/gems/ruby-2.0.0-p353/specifications/rdoc-3.12.2.gemspec
I, [2014-04-20T07:03:08.274338 #24109]  INFO -- : 0:  sdoc (0.3.20) from /home/philip/.rvm/gems/ruby-2.0.0-p353/specifications/sdoc-0.3.20.gemspec
I, [2014-04-20T07:03:08.276013 #24109]  INFO -- : 0:  sqlite3 (1.3.8) from /home/philip/.rvm/gems/ruby-2.0.0-p353/specifications/sqlite3-1.3.8.gemspec
I, [2014-04-20T07:03:08.277591 #24109]  INFO -- : 0:  turbolinks (2.1.0) from /home/philip/.rvm/gems/ruby-2.0.0-p353/specifications/turbolinks-2.1.0.gemspec
I, [2014-04-20T07:03:08.279189 #24109]  INFO -- : 0:  uglifier (2.4.0) from /home/philip/.rvm/gems/ruby-2.0.0-p353/specifications/uglifier-2.4.0.gemspec
I, [2014-04-20T07:03:08.280813 #24109]  INFO -- : 0:  will_paginate (3.0.5) from /home/philip/.rvm/gems/ruby-2.0.0-p353/specifications/will_paginate-3.0.5.gemspec
